[0.425s] Invoking command in '/home/trey/robotws/build/hw3code': PYTHONPATH=/home/trey/robotws/build/hw3code/prefix_override:/usr/lib/python3/dist-packages/colcon_core/task/python/colcon_distutils_commands:/home/trey/robotws/install/hw3code/lib/python3.10/site-packages:${PYTHONPATH} /usr/bin/python3 -W ignore:setup.py install is deprecated setup.py develop --editable --build-directory /home/trey/robotws/build/hw3code/build --no-deps symlink_data
[0.552s] running develop
[0.552s] /usr/lib/python3/dist-packages/setuptools/command/easy_install.py:158: EasyInstallDeprecationWarning: easy_install command is deprecated. Use build and pip and other standards-based tools.
[0.552s]   warnings.warn(
[0.641s] running egg_info
[0.641s] writing hw3code.egg-info/PKG-INFO
[0.641s] writing dependency_links to hw3code.egg-info/dependency_links.txt
[0.641s] writing entry points to hw3code.egg-info/entry_points.txt
[0.641s] writing requirements to hw3code.egg-info/requires.txt
[0.641s] writing top-level names to hw3code.egg-info/top_level.txt
[0.643s] reading manifest file 'hw3code.egg-info/SOURCES.txt'
[0.643s] writing manifest file 'hw3code.egg-info/SOURCES.txt'
[0.644s] running build_ext
[0.644s] Creating /home/trey/robotws/install/hw3code/lib/python3.10/site-packages/hw3code.egg-link (link to .)
[0.644s] Installing hw3p4 script to /home/trey/robotws/install/hw3code/lib/hw3code
[0.644s] Installing hw3p6 script to /home/trey/robotws/install/hw3code/lib/hw3code
[0.645s] 
[0.645s] Installed /home/trey/robotws/build/hw3code
[0.645s] running symlink_data
[0.658s] Invoked command in '/home/trey/robotws/build/hw3code' returned '0': PYTHONPATH=/home/trey/robotws/build/hw3code/prefix_override:/usr/lib/python3/dist-packages/colcon_core/task/python/colcon_distutils_commands:/home/trey/robotws/install/hw3code/lib/python3.10/site-packages:${PYTHONPATH} /usr/bin/python3 -W ignore:setup.py install is deprecated setup.py develop --editable --build-directory /home/trey/robotws/build/hw3code/build --no-deps symlink_data
