running develop
running egg_info
creating hw3code.egg-info
writing hw3code.egg-info/PKG-INFO
writing dependency_links to hw3code.egg-info/dependency_links.txt
writing entry points to hw3code.egg-info/entry_points.txt
writing requirements to hw3code.egg-info/requires.txt
writing top-level names to hw3code.egg-info/top_level.txt
writing manifest file 'hw3code.egg-info/SOURCES.txt'
reading manifest file 'hw3code.egg-info/SOURCES.txt'
writing manifest file 'hw3code.egg-info/SOURCES.txt'
running build_ext
Creating /home/trey/robotws/install/hw3code/lib/python3.10/site-packages/hw3code.egg-link (link to .)
Installing hw3p4 script to /home/trey/robotws/install/hw3code/lib/hw3code
Installing hw3p6 script to /home/trey/robotws/install/hw3code/lib/hw3code

Installed /home/trey/robotws/build/hw3code
running symlink_data
creating /home/trey/robotws/install/hw3code/share/ament_index
creating /home/trey/robotws/install/hw3code/share/ament_index/resource_index
creating /home/trey/robotws/install/hw3code/share/ament_index/resource_index/packages
symbolically linking /home/trey/robotws/build/hw3code/resource/hw3code -> /home/trey/robotws/install/hw3code/share/ament_index/resource_index/packages
symbolically linking /home/trey/robotws/build/hw3code/package.xml -> /home/trey/robotws/install/hw3code/share/hw3code
creating /home/trey/robotws/install/hw3code/share/hw3code/rviz
symbolically linking /home/trey/robotws/build/hw3code/rviz/viewurdf.rviz -> /home/trey/robotws/install/hw3code/share/hw3code/rviz
symbolically linking /home/trey/robotws/build/hw3code/rviz/viewatlas.rviz -> /home/trey/robotws/install/hw3code/share/hw3code/rviz
creating /home/trey/robotws/install/hw3code/share/hw3code/urdf
symbolically linking /home/trey/robotws/build/hw3code/urdf/pantilt.urdf -> /home/trey/robotws/install/hw3code/share/hw3code/urdf
symbolically linking /home/trey/robotws/build/hw3code/urdf/fourDOFskeleton.urdf -> /home/trey/robotws/install/hw3code/share/hw3code/urdf
symbolically linking /home/trey/robotws/build/hw3code/urdf/testrobot.urdf -> /home/trey/robotws/install/hw3code/share/hw3code/urdf
